<?xml version="1.0" encoding="UTF-8"?>
<testng-results ignored="0" total="1" passed="1" failed="0" skipped="0">
  <reporter-output>
  </reporter-output>
  <suite started-at="2024-08-13T09:48:31Z" name="Default suite" finished-at="2024-08-13T09:48:34Z" duration-ms="3057">
    <groups>
    </groups>
    <test started-at="2024-08-13T09:48:31Z" name="Default test" finished-at="2024-08-13T09:48:34Z" duration-ms="3057">
      <class name="ProjectModule.AddSingleProjectWithCreated">
        <test-method is-config="true" signature="beforeSuitExecution()[pri:0, instance:ProjectModule.AddSingleProjectWithCreated@5c80cf32]" started-at="2024-08-13T09:48:30Z" name="beforeSuitExecution" finished-at="2024-08-13T09:48:31Z" duration-ms="955" status="PASS">
          <reporter-output>
          </reporter-output>
        </test-method> <!-- beforeSuitExecution -->
        <test-method signature="createSingleProject()[pri:0, instance:ProjectModule.AddSingleProjectWithCreated@5c80cf32]" started-at="2024-08-13T09:48:31Z" name="createSingleProject" finished-at="2024-08-13T09:48:34Z" duration-ms="3022" status="PASS">
          <reporter-output>
          </reporter-output>
        </test-method> <!-- createSingleProject -->
        <test-method is-config="true" signature="afterSuitExecution()[pri:0, instance:ProjectModule.AddSingleProjectWithCreated@5c80cf32]" started-at="2024-08-13T09:48:34Z" name="afterSuitExecution" finished-at="2024-08-13T09:48:34Z" duration-ms="0" status="PASS">
          <reporter-output>
          </reporter-output>
        </test-method> <!-- afterSuitExecution -->
      </class> <!-- ProjectModule.AddSingleProjectWithCreated -->
    </test> <!-- Default test -->
  </suite> <!-- Default suite -->
</testng-results>
