<?xml version="1.0" encoding="UTF-8"?>
<testng-results ignored="0" total="1" passed="1" failed="0" skipped="0">
  <reporter-output>
  </reporter-output>
  <suite started-at="2024-08-13T09:30:12Z" name="Default suite" finished-at="2024-08-13T09:30:15Z" duration-ms="2835">
    <groups>
    </groups>
    <test started-at="2024-08-13T09:30:12Z" name="Default test" finished-at="2024-08-13T09:30:15Z" duration-ms="2835">
      <class name="ProjectModule.AddSingleProjectWithCreated">
        <test-method is-config="true" signature="beforeSuitExecution()[pri:0, instance:ProjectModule.AddSingleProjectWithCreated@5c80cf32]" started-at="2024-08-13T09:30:11Z" name="beforeSuitExecution" finished-at="2024-08-13T09:30:12Z" duration-ms="892" status="PASS">
          <reporter-output>
          </reporter-output>
        </test-method> <!-- beforeSuitExecution -->
        <test-method signature="createSingleProject()[pri:0, instance:ProjectModule.AddSingleProjectWithCreated@5c80cf32]" started-at="2024-08-13T09:30:12Z" name="createSingleProject" finished-at="2024-08-13T09:30:14Z" duration-ms="2805" status="PASS">
          <reporter-output>
          </reporter-output>
        </test-method> <!-- createSingleProject -->
        <test-method is-config="true" signature="afterSuitExecution()[pri:0, instance:ProjectModule.AddSingleProjectWithCreated@5c80cf32]" started-at="2024-08-13T09:30:15Z" name="afterSuitExecution" finished-at="2024-08-13T09:30:15Z" duration-ms="1" status="PASS">
          <reporter-output>
          </reporter-output>
        </test-method> <!-- afterSuitExecution -->
      </class> <!-- ProjectModule.AddSingleProjectWithCreated -->
    </test> <!-- Default test -->
  </suite> <!-- Default suite -->
</testng-results>
